2024-03-17 19:49:30,136 - DEBUG - Using proactor: IocpProactor
2024-03-17 19:49:30,138 - DEBUG - Type of 'pool': <class 'dict'>; Content of 'pool': {'amm_id': 'A26DndXmSqWP9RTFjsoULqhMXh33X4Uk8xP2VVfjnZ4i', 'base_mint': '7YKEdCWkTwDyKJ3D8aSx3EM47FwPsWtWexMZdXBTR5A6', 'quote_mint': 'So11111111111111111111111111111111111111112', 'lp_mint': '71w2YSnWCePsQam2U7ZDtt7snEN7p3SsqNsYwu628nvn', 'version': 4, 'base_decimals': 6, 'quote_decimals': 9, 'lpDecimals': 6, 'programId': '675kPX9MHTjS2zt1qfr1NYHuzeLXfQM9H24wFSUt1Mp8', 'authority': '5Q544fKrFoe6tsEbD7S8EmxGTJYAKtTVhAW5Q5pge4j1', 'open_orders': 'BDsJv4cvFFoTrJgn4decsrSjzZKVicw3T4zBeMtoMMJC', 'target_orders': '9CHHFinED5jkvNkAik1Q5QN1ju3pbnqqA6zJkGSG6Hau', 'base_vault': '8m58E5zBUQkaoxJhNrjVKzanHRFjMkYDRsjAyWQyC4Gx', 'quote_vault': 'Aecf6bKVWN4vbqj2vbfSbdBr74XLJLA1it167FLQPRzj', 'withdrawQueue': '11111111111111111111111111111111', 'lpVault': '11111111111111111111111111111111', 'marketProgramId': 'srmqPvymJeFKQ4zGQed1GFppgkRHL9kaELCbyksJtPX', 'market_id': '4DA7dyYcWtGogfyWmLvnnYkXsCwNVBKajtsf9o62Qmk6', 'market_authority': 'ATjBntf25qUArNbht5qopKab2BkFBDpwMpqmNR4yfdoX', 'market_base_vault': '4JUafHpoBwNXc5mutytm7EaWHED5wnSbQyPTRFbDkU2u', 'market_quote_vault': '3Bu41DTLUFp2jEAjqeExWoj9vzSgB6pegQnTTJQdegSt', 'bids': '715Zv8bV4VBZRzQSjQESyXhpJp4NcB8qnv1N9MzQhNQ3', 'asks': 'HsYmnxjy7SJwfFzNixLyDGVoirxZXQrZQ9sLd9Twi9Lr', 'event_queue': 'BT6XGNehJTKMGSrNN6knfNiLVYQcAG2gV7KnYjnZ1Stu', 'pool_open_time': 1710699938}
2024-03-17 19:49:30,785 - DEBUG - HTTP Request: POST https://api.mainnet-beta.solana.com "HTTP/1.1 200 OK"
2024-03-17 19:49:31,372 - DEBUG - HTTP Request: POST https://api.mainnet-beta.solana.com "HTTP/1.1 200 OK"
2024-03-17 19:49:31,958 - DEBUG - HTTP Request: POST https://api.mainnet-beta.solana.com "HTTP/1.1 200 OK"
2024-03-17 19:49:31,964 - DEBUG - processed_pool: {'amm_id': 'A26DndXmSqWP9RTFjsoULqhMXh33X4Uk8xP2VVfjnZ4i', 'authority': '5Q544fKrFoe6tsEbD7S8EmxGTJYAKtTVhAW5Q5pge4j1', 'open_orders': 'BDsJv4cvFFoTrJgn4decsrSjzZKVicw3T4zBeMtoMMJC', 'target_orders': '9CHHFinED5jkvNkAik1Q5QN1ju3pbnqqA6zJkGSG6Hau', 'base_vault': '8m58E5zBUQkaoxJhNrjVKzanHRFjMkYDRsjAyWQyC4Gx', 'quote_vault': 'Aecf6bKVWN4vbqj2vbfSbdBr74XLJLA1it167FLQPRzj', 'market_id': '4DA7dyYcWtGogfyWmLvnnYkXsCwNVBKajtsf9o62Qmk6', 'bids': '715Zv8bV4VBZRzQSjQESyXhpJp4NcB8qnv1N9MzQhNQ3', 'asks': 'HsYmnxjy7SJwfFzNixLyDGVoirxZXQrZQ9sLd9Twi9Lr', 'event_queue': 'BT6XGNehJTKMGSrNN6knfNiLVYQcAG2gV7KnYjnZ1Stu', 'market_base_vault': '4JUafHpoBwNXc5mutytm7EaWHED5wnSbQyPTRFbDkU2u', 'market_quote_vault': '3Bu41DTLUFp2jEAjqeExWoj9vzSgB6pegQnTTJQdegSt', 'market_authority': 'ATjBntf25qUArNbht5qopKab2BkFBDpwMpqmNR4yfdoX'}
2024-03-17 19:49:31,965 - DEBUG - Starting make_swap_instruction
2024-03-17 19:49:31,966 - ERROR - Error loading pools.json: Expecting value: line 1 column 1 (char 0)
2024-03-17 19:49:31,967 - ERROR - Pools data is not properly initialized.
2024-03-17 19:49:31,967 - ERROR - Transaction failed on attempt 1: Pools data is not properly initialized.
2024-03-17 19:49:31,968 - INFO - Retrying transaction (Attempt 2 of 3).
2024-03-17 19:49:32,557 - DEBUG - HTTP Request: POST https://api.mainnet-beta.solana.com "HTTP/1.1 200 OK"
2024-03-17 19:49:33,147 - DEBUG - HTTP Request: POST https://api.mainnet-beta.solana.com "HTTP/1.1 200 OK"
2024-03-17 19:49:33,744 - DEBUG - HTTP Request: POST https://api.mainnet-beta.solana.com "HTTP/1.1 200 OK"
2024-03-17 19:49:33,751 - DEBUG - processed_pool: {'amm_id': 'A26DndXmSqWP9RTFjsoULqhMXh33X4Uk8xP2VVfjnZ4i', 'authority': '5Q544fKrFoe6tsEbD7S8EmxGTJYAKtTVhAW5Q5pge4j1', 'open_orders': 'BDsJv4cvFFoTrJgn4decsrSjzZKVicw3T4zBeMtoMMJC', 'target_orders': '9CHHFinED5jkvNkAik1Q5QN1ju3pbnqqA6zJkGSG6Hau', 'base_vault': '8m58E5zBUQkaoxJhNrjVKzanHRFjMkYDRsjAyWQyC4Gx', 'quote_vault': 'Aecf6bKVWN4vbqj2vbfSbdBr74XLJLA1it167FLQPRzj', 'market_id': '4DA7dyYcWtGogfyWmLvnnYkXsCwNVBKajtsf9o62Qmk6', 'bids': '715Zv8bV4VBZRzQSjQESyXhpJp4NcB8qnv1N9MzQhNQ3', 'asks': 'HsYmnxjy7SJwfFzNixLyDGVoirxZXQrZQ9sLd9Twi9Lr', 'event_queue': 'BT6XGNehJTKMGSrNN6knfNiLVYQcAG2gV7KnYjnZ1Stu', 'market_base_vault': '4JUafHpoBwNXc5mutytm7EaWHED5wnSbQyPTRFbDkU2u', 'market_quote_vault': '3Bu41DTLUFp2jEAjqeExWoj9vzSgB6pegQnTTJQdegSt', 'market_authority': 'ATjBntf25qUArNbht5qopKab2BkFBDpwMpqmNR4yfdoX'}
2024-03-17 19:49:33,752 - DEBUG - Starting make_swap_instruction
2024-03-17 19:49:33,753 - ERROR - Error loading pools.json: Expecting value: line 1 column 1 (char 0)
2024-03-17 19:49:33,755 - ERROR - Pools data is not properly initialized.
2024-03-17 19:49:33,755 - ERROR - Transaction failed on attempt 2: Pools data is not properly initialized.
2024-03-17 19:49:33,755 - INFO - Retrying transaction (Attempt 3 of 3).
2024-03-17 19:49:34,329 - DEBUG - HTTP Request: POST https://api.mainnet-beta.solana.com "HTTP/1.1 200 OK"
2024-03-17 19:49:34,950 - DEBUG - HTTP Request: POST https://api.mainnet-beta.solana.com "HTTP/1.1 429 Too Many Requests"
2024-03-17 19:49:35,532 - DEBUG - HTTP Request: POST https://api.mainnet-beta.solana.com "HTTP/1.1 200 OK"
2024-03-17 19:49:35,533 - DEBUG - processed_pool: {'amm_id': 'A26DndXmSqWP9RTFjsoULqhMXh33X4Uk8xP2VVfjnZ4i', 'authority': '5Q544fKrFoe6tsEbD7S8EmxGTJYAKtTVhAW5Q5pge4j1', 'open_orders': 'BDsJv4cvFFoTrJgn4decsrSjzZKVicw3T4zBeMtoMMJC', 'target_orders': '9CHHFinED5jkvNkAik1Q5QN1ju3pbnqqA6zJkGSG6Hau', 'base_vault': '8m58E5zBUQkaoxJhNrjVKzanHRFjMkYDRsjAyWQyC4Gx', 'quote_vault': 'Aecf6bKVWN4vbqj2vbfSbdBr74XLJLA1it167FLQPRzj', 'market_id': '4DA7dyYcWtGogfyWmLvnnYkXsCwNVBKajtsf9o62Qmk6', 'bids': '715Zv8bV4VBZRzQSjQESyXhpJp4NcB8qnv1N9MzQhNQ3', 'asks': 'HsYmnxjy7SJwfFzNixLyDGVoirxZXQrZQ9sLd9Twi9Lr', 'event_queue': 'BT6XGNehJTKMGSrNN6knfNiLVYQcAG2gV7KnYjnZ1Stu', 'market_base_vault': '4JUafHpoBwNXc5mutytm7EaWHED5wnSbQyPTRFbDkU2u', 'market_quote_vault': '3Bu41DTLUFp2jEAjqeExWoj9vzSgB6pegQnTTJQdegSt', 'market_authority': 'ATjBntf25qUArNbht5qopKab2BkFBDpwMpqmNR4yfdoX'}
2024-03-17 19:49:35,534 - DEBUG - Starting make_swap_instruction
2024-03-17 19:49:35,534 - ERROR - Error loading pools.json: Expecting value: line 1 column 1 (char 0)
2024-03-17 19:49:35,534 - ERROR - Pools data is not properly initialized.
2024-03-17 19:49:35,534 - ERROR - Transaction failed on attempt 3: Pools data is not properly initialized.
2024-03-17 19:49:35,534 - ERROR - Transaction failed after 3 attempts.
2024-03-17 19:49:42,381 - DEBUG - Using proactor: IocpProactor
2024-03-17 19:49:42,383 - DEBUG - Type of 'pool': <class 'dict'>; Content of 'pool': {'amm_id': 'A26DndXmSqWP9RTFjsoULqhMXh33X4Uk8xP2VVfjnZ4i', 'base_mint': '7YKEdCWkTwDyKJ3D8aSx3EM47FwPsWtWexMZdXBTR5A6', 'quote_mint': 'So11111111111111111111111111111111111111112', 'lp_mint': '71w2YSnWCePsQam2U7ZDtt7snEN7p3SsqNsYwu628nvn', 'version': 4, 'base_decimals': 6, 'quote_decimals': 9, 'lpDecimals': 6, 'programId': '675kPX9MHTjS2zt1qfr1NYHuzeLXfQM9H24wFSUt1Mp8', 'authority': '5Q544fKrFoe6tsEbD7S8EmxGTJYAKtTVhAW5Q5pge4j1', 'open_orders': 'BDsJv4cvFFoTrJgn4decsrSjzZKVicw3T4zBeMtoMMJC', 'target_orders': '9CHHFinED5jkvNkAik1Q5QN1ju3pbnqqA6zJkGSG6Hau', 'base_vault': '8m58E5zBUQkaoxJhNrjVKzanHRFjMkYDRsjAyWQyC4Gx', 'quote_vault': 'Aecf6bKVWN4vbqj2vbfSbdBr74XLJLA1it167FLQPRzj', 'withdrawQueue': '11111111111111111111111111111111', 'lpVault': '11111111111111111111111111111111', 'marketProgramId': 'srmqPvymJeFKQ4zGQed1GFppgkRHL9kaELCbyksJtPX', 'market_id': '4DA7dyYcWtGogfyWmLvnnYkXsCwNVBKajtsf9o62Qmk6', 'market_authority': 'ATjBntf25qUArNbht5qopKab2BkFBDpwMpqmNR4yfdoX', 'market_base_vault': '4JUafHpoBwNXc5mutytm7EaWHED5wnSbQyPTRFbDkU2u', 'market_quote_vault': '3Bu41DTLUFp2jEAjqeExWoj9vzSgB6pegQnTTJQdegSt', 'bids': '715Zv8bV4VBZRzQSjQESyXhpJp4NcB8qnv1N9MzQhNQ3', 'asks': 'HsYmnxjy7SJwfFzNixLyDGVoirxZXQrZQ9sLd9Twi9Lr', 'event_queue': 'BT6XGNehJTKMGSrNN6knfNiLVYQcAG2gV7KnYjnZ1Stu', 'pool_open_time': 1710699938}
2024-03-17 19:49:42,977 - DEBUG - HTTP Request: POST https://api.mainnet-beta.solana.com "HTTP/1.1 200 OK"
2024-03-17 19:49:43,541 - DEBUG - HTTP Request: POST https://api.mainnet-beta.solana.com "HTTP/1.1 429 Too Many Requests"
2024-03-17 19:49:44,123 - DEBUG - HTTP Request: POST https://api.mainnet-beta.solana.com "HTTP/1.1 200 OK"
2024-03-17 19:49:44,133 - DEBUG - processed_pool: {'amm_id': 'A26DndXmSqWP9RTFjsoULqhMXh33X4Uk8xP2VVfjnZ4i', 'authority': '5Q544fKrFoe6tsEbD7S8EmxGTJYAKtTVhAW5Q5pge4j1', 'open_orders': 'BDsJv4cvFFoTrJgn4decsrSjzZKVicw3T4zBeMtoMMJC', 'target_orders': '9CHHFinED5jkvNkAik1Q5QN1ju3pbnqqA6zJkGSG6Hau', 'base_vault': '8m58E5zBUQkaoxJhNrjVKzanHRFjMkYDRsjAyWQyC4Gx', 'quote_vault': 'Aecf6bKVWN4vbqj2vbfSbdBr74XLJLA1it167FLQPRzj', 'market_id': '4DA7dyYcWtGogfyWmLvnnYkXsCwNVBKajtsf9o62Qmk6', 'bids': '715Zv8bV4VBZRzQSjQESyXhpJp4NcB8qnv1N9MzQhNQ3', 'asks': 'HsYmnxjy7SJwfFzNixLyDGVoirxZXQrZQ9sLd9Twi9Lr', 'event_queue': 'BT6XGNehJTKMGSrNN6knfNiLVYQcAG2gV7KnYjnZ1Stu', 'market_base_vault': '4JUafHpoBwNXc5mutytm7EaWHED5wnSbQyPTRFbDkU2u', 'market_quote_vault': '3Bu41DTLUFp2jEAjqeExWoj9vzSgB6pegQnTTJQdegSt', 'market_authority': 'ATjBntf25qUArNbht5qopKab2BkFBDpwMpqmNR4yfdoX'}
2024-03-17 19:49:44,134 - DEBUG - Starting make_swap_instruction
2024-03-17 19:49:44,135 - ERROR - Error loading pools.json: Expecting value: line 1 column 1 (char 0)
2024-03-17 19:49:44,136 - ERROR - Pools data is not properly initialized.
2024-03-17 19:49:44,136 - ERROR - Transaction failed on attempt 1: Pools data is not properly initialized.
2024-03-17 19:49:44,137 - INFO - Retrying transaction (Attempt 2 of 3).
2024-03-17 19:49:44,736 - DEBUG - HTTP Request: POST https://api.mainnet-beta.solana.com "HTTP/1.1 200 OK"
2024-03-17 19:49:45,334 - DEBUG - HTTP Request: POST https://api.mainnet-beta.solana.com "HTTP/1.1 429 Too Many Requests"
2024-03-17 19:49:45,914 - DEBUG - HTTP Request: POST https://api.mainnet-beta.solana.com "HTTP/1.1 200 OK"
2024-03-17 19:49:45,916 - DEBUG - processed_pool: {'amm_id': 'A26DndXmSqWP9RTFjsoULqhMXh33X4Uk8xP2VVfjnZ4i', 'authority': '5Q544fKrFoe6tsEbD7S8EmxGTJYAKtTVhAW5Q5pge4j1', 'open_orders': 'BDsJv4cvFFoTrJgn4decsrSjzZKVicw3T4zBeMtoMMJC', 'target_orders': '9CHHFinED5jkvNkAik1Q5QN1ju3pbnqqA6zJkGSG6Hau', 'base_vault': '8m58E5zBUQkaoxJhNrjVKzanHRFjMkYDRsjAyWQyC4Gx', 'quote_vault': 'Aecf6bKVWN4vbqj2vbfSbdBr74XLJLA1it167FLQPRzj', 'market_id': '4DA7dyYcWtGogfyWmLvnnYkXsCwNVBKajtsf9o62Qmk6', 'bids': '715Zv8bV4VBZRzQSjQESyXhpJp4NcB8qnv1N9MzQhNQ3', 'asks': 'HsYmnxjy7SJwfFzNixLyDGVoirxZXQrZQ9sLd9Twi9Lr', 'event_queue': 'BT6XGNehJTKMGSrNN6knfNiLVYQcAG2gV7KnYjnZ1Stu', 'market_base_vault': '4JUafHpoBwNXc5mutytm7EaWHED5wnSbQyPTRFbDkU2u', 'market_quote_vault': '3Bu41DTLUFp2jEAjqeExWoj9vzSgB6pegQnTTJQdegSt', 'market_authority': 'ATjBntf25qUArNbht5qopKab2BkFBDpwMpqmNR4yfdoX'}
2024-03-17 19:49:45,916 - DEBUG - Starting make_swap_instruction
2024-03-17 19:49:45,917 - ERROR - Error loading pools.json: Expecting value: line 1 column 1 (char 0)
2024-03-17 19:49:45,917 - ERROR - Pools data is not properly initialized.
2024-03-17 19:49:45,917 - ERROR - Transaction failed on attempt 2: Pools data is not properly initialized.
2024-03-17 19:49:45,917 - INFO - Retrying transaction (Attempt 3 of 3).
2024-03-17 19:49:46,500 - DEBUG - HTTP Request: POST https://api.mainnet-beta.solana.com "HTTP/1.1 200 OK"
2024-03-17 19:49:47,078 - DEBUG - HTTP Request: POST https://api.mainnet-beta.solana.com "HTTP/1.1 429 Too Many Requests"
2024-03-17 19:49:47,659 - DEBUG - HTTP Request: POST https://api.mainnet-beta.solana.com "HTTP/1.1 200 OK"
2024-03-17 19:49:47,661 - DEBUG - processed_pool: {'amm_id': 'A26DndXmSqWP9RTFjsoULqhMXh33X4Uk8xP2VVfjnZ4i', 'authority': '5Q544fKrFoe6tsEbD7S8EmxGTJYAKtTVhAW5Q5pge4j1', 'open_orders': 'BDsJv4cvFFoTrJgn4decsrSjzZKVicw3T4zBeMtoMMJC', 'target_orders': '9CHHFinED5jkvNkAik1Q5QN1ju3pbnqqA6zJkGSG6Hau', 'base_vault': '8m58E5zBUQkaoxJhNrjVKzanHRFjMkYDRsjAyWQyC4Gx', 'quote_vault': 'Aecf6bKVWN4vbqj2vbfSbdBr74XLJLA1it167FLQPRzj', 'market_id': '4DA7dyYcWtGogfyWmLvnnYkXsCwNVBKajtsf9o62Qmk6', 'bids': '715Zv8bV4VBZRzQSjQESyXhpJp4NcB8qnv1N9MzQhNQ3', 'asks': 'HsYmnxjy7SJwfFzNixLyDGVoirxZXQrZQ9sLd9Twi9Lr', 'event_queue': 'BT6XGNehJTKMGSrNN6knfNiLVYQcAG2gV7KnYjnZ1Stu', 'market_base_vault': '4JUafHpoBwNXc5mutytm7EaWHED5wnSbQyPTRFbDkU2u', 'market_quote_vault': '3Bu41DTLUFp2jEAjqeExWoj9vzSgB6pegQnTTJQdegSt', 'market_authority': 'ATjBntf25qUArNbht5qopKab2BkFBDpwMpqmNR4yfdoX'}
2024-03-17 19:49:47,661 - DEBUG - Starting make_swap_instruction
2024-03-17 19:49:47,662 - ERROR - Error loading pools.json: Expecting value: line 1 column 1 (char 0)
2024-03-17 19:49:47,662 - ERROR - Pools data is not properly initialized.
2024-03-17 19:49:47,662 - ERROR - Transaction failed on attempt 3: Pools data is not properly initialized.
2024-03-17 19:49:47,662 - ERROR - Transaction failed after 3 attempts.
2024-03-29 19:03:30,589 - DEBUG - Type of 'pool': <class 'dict'>; Content of 'pool': {'amm_id': 'AKzspQHXiSxbbPCWZdpxeL3tgPgYVtQLZA7QKrEaNmWX', 'base_mint': 'C3fskLMwjxgFm1okpPh9yFceevzuugRTLSFnfYxLBMdz', 'quote_mint': 'So11111111111111111111111111111111111111112', 'lp_mint': '9MSg1w8FvkFyeJH4wXeVYnZ2Wh2w8hvZyM6LAU5wN1ob', 'version': 4, 'base_decimals': 9, 'quote_decimals': 9, 'lpDecimals': 9, 'programId': '675kPX9MHTjS2zt1qfr1NYHuzeLXfQM9H24wFSUt1Mp8', 'authority': '5Q544fKrFoe6tsEbD7S8EmxGTJYAKtTVhAW5Q5pge4j1', 'open_orders': '5s5R9rkAdZt47cgBrSXkUmKVixa3kFuvPqEobqzL5FAp', 'target_orders': 'B4npR2tx8wGBPgeETEHZCLpy4JycMo234LeAqRhRRteX', 'base_vault': '8wYcbfEVF4WPCuJvUriPqiunmnD8Zk3HYAV3r3VnJHdU', 'quote_vault': '9UkDP1fGxDEUqFHgN8p9CE3ToF2zuVG8peskS74jEmnG', 'withdrawQueue': '11111111111111111111111111111111', 'lpVault': '11111111111111111111111111111111', 'marketProgramId': 'srmqPvymJeFKQ4zGQed1GFppgkRHL9kaELCbyksJtPX', 'market_id': '48WxLyX9dqSMX6VL8ztEd24fsxm7LPp8aLJST95e4YH3', 'market_authority': 'dpWEUeeBRcXGPHZVyLPBBhYbT8gu5dNJTCMpySoKx58', 'market_base_vault': '9Z88xFB79bkf2crJTKnRfSk7xgBvq3jmXwgaMZgNMCL7', 'market_quote_vault': '5tDgt7sLQz8PzuAJXFtUR98cK99y8mS1Vgz9rBww6NaG', 'bids': '9yE47iCwdcKHVyoKS3CV4tfQRJMvwFJnGHR3Dh9923Zw', 'asks': '7HT1tbGiq3SuGzr6vQZ1JAX31a5HThfL8bSJcS83wVR5', 'event_queue': 'EvC75L5cALhMzHq3zPLj6yjicedNdtfWrBqnRvHSJed', 'pool_open_time': 1711735020}
2024-03-29 19:03:31,311 - DEBUG - HTTP Request: POST https://api.mainnet-beta.solana.com "HTTP/1.1 200 OK"
2024-03-29 19:03:31,897 - DEBUG - HTTP Request: POST https://api.mainnet-beta.solana.com "HTTP/1.1 200 OK"
2024-03-29 19:03:32,496 - DEBUG - HTTP Request: POST https://api.mainnet-beta.solana.com "HTTP/1.1 200 OK"
2024-03-29 19:03:32,498 - DEBUG - Starting make_swap_instruction
2024-03-29 19:03:32,499 - DEBUG - Retrieved TOKEN_PROGRAM_ID: TokenkegQfeZyiNwAJbNbGKPFXCWuBvf9Ss623VQ5DA
2024-03-29 19:03:32,499 - DEBUG - AccountMeta keys prepared.
2024-03-29 19:03:32,499 - DEBUG - Data for SWAP_LAYOUT built successfully.
2024-03-29 19:03:32,499 - DEBUG - Swap instruction created successfully.
2024-03-29 19:03:33,091 - DEBUG - HTTP Request: POST https://api.mainnet-beta.solana.com "HTTP/1.1 200 OK"
2024-03-29 19:03:33,651 - DEBUG - HTTP Request: POST https://api.mainnet-beta.solana.com "HTTP/1.1 200 OK"
2024-03-29 19:03:33,653 - INFO - Execution of buy function completed in 3.06 seconds.
2024-03-29 19:03:33,653 - INFO - Total script execution completed in 3.06 seconds.
